         ps       /TEST/a   /TEST/F            /TEST/TX_ERROR          
          delta     /TEST/b        /TEST/TX_FILE                       
                      /TEST/c                                          
                        /TEST/d                                        
          0  +0         0 0 0 0 StX            2            0 
        100  +5         0 0 0 0 St1            2            0 
     100000  +0         0 1 0 1 St1            2            0 
     300000  +0         0 0 0 0 St1            2            0 
     400000  +0         0 0 0 1 St1            2            0 
     400000  +6         0 0 0 1 St0            2            0 
     600000  +0         1 0 1 0 St0            2            0 
     600000  +7         1 0 1 0 St1            2            0 
     700000  +0         0 0 0 1 St1            2            0 
     700000  +6         0 0 0 1 St0            2            0 
     900000  +0         1 1 1 1 St0            2            0 
     900000  +7         1 1 1 1 St1            2            0 
    1000000  +0         0 0 0 0 St1            2            0 
    1100000  +0         1 1 1 0 St1            2            0 
    1100000  +7         1 1 1 0 St0            2            0 
    1200000  +0         1 1 1 1 St0            2            0 
    1200000  +5         1 1 1 1 St1            2            0 
    1300000  +0         0 0 0 0 St1            2            0 
    1400000  +0         1 1 1 0 St1            2            0 
    1400000  +7         1 1 1 0 St0            2            0 
    1500000  +0         0 0 0 1 St0            2            0 
    1700000  +0         0 1 0 0 St0            2            0 
