         ps       /test/mclk   /test/TX_ERROR      
          delta          /test/Q                   
          0  +0            0 xxx            0 
          0  +4            0 111            0 
     100000  +0            1 111            0 
     200000  +0            0 111            0 
     300000  +0            1 111            0 
     300100  +2            1 110            0 
     300200  +2            1 100            0 
     300300  +2            1 000            0 
     400000  +0            0 000            0 
     500000  +0            1 000            0 
     500100  +2            1 001            0 
     600000  +0            0 001            0 
     700000  +0            1 001            0 
     700100  +2            1 000            0 
     700200  +2            1 010            0 
     800000  +0            0 010            0 
     900000  +0            1 010            0 
     900100  +2            1 011            0 
    1000000  +0            0 011            0 
    1100000  +0            1 011            0 
    1100100  +2            1 010            0 
    1100200  +2            1 000            0 
    1100300  +2            1 100            0 
    1200000  +0            0 100            0 
    1300000  +0            1 100            0 
    1300100  +2            1 101            0 
    1400000  +0            0 101            0 
    1500000  +0            1 101            0 
    1500100  +2            1 100            0 
    1500200  +2            1 110            0 
    1600000  +0            0 110            0 
    1700000  +0            1 110            0 
    1700100  +2            1 111            0 
    1800000  +0            0 111            0 
    1900000  +0            1 111            0 
    1900100  +2            1 110            0 
    1900200  +2            1 100            0 
    1900300  +2            1 000            0 
    2000000  +0            0 000            0 
    2100000  +0            1 000            0 
    2100100  +2            1 001            0 
    2200000  +0            0 001            0 
    2300000  +0            1 001            0 
    2300100  +2            1 000            0 
    2300200  +2            1 010            0 
    2400000  +0            0 010            0 
    2500000  +0            1 010            0 
    2500100  +2            1 011            0 
    2600000  +0            0 011            0 
    2700000  +0            1 011            0 
    2700100  +2            1 010            0 
    2700200  +2            1 000            0 
    2700300  +2            1 100            0 
    2800000  +0            0 100            0 
    2900000  +0            1 100            0 
    2900100  +2            1 101            0 
    3000000  +0            0 101            0 
    3100000  +0            1 101            0 
    3100100  +2            1 100            0 
    3100200  +2            1 110            0 
