         ps       /lab4test/ld0   /lab4test/ld4  /lab4test/sw5      /lab4test/TX_ERROR                  
          delta       /lab4test/ld1   /lab4test/sw0  /lab4test/sw6                                      
                          /lab4test/ld2  /lab4test/sw4  /lab4test/sw3                                   
                              /lab4test/ld3  /lab4test/sw1  /lab4test/sw7                               
                                   /lab4test/btn0  /lab4test/sw2                                        
          0  +0             StX StX StX StX StX 0 0  0   0   0 1 1  0   1            0 
          0  +2             St0 StX StX StX StX 0 0  0   0   0 1 1  0   1            0 
          0  +3             St0 St0 St0 StX StX 0 0  0   0   0 1 1  0   1            0 
          0  +4             St0 St0 St0 St0 St1 0 0  0   0   0 1 1  0   1            0 
     100000  +0             St0 St0 St0 St0 St1 1 0  0   1   1 0 0  0   0            0 
     100000  +2             St1 St0 St0 St1 St0 1 0  0   1   1 0 0  0   0            0 
     100000  +3             St1 St0 St1 St0 St0 1 0  0   1   1 0 0  0   0            0 
     200000  +0             St1 St0 St1 St0 St0 0 1  0   1   1 1 0  0   1            0 
     200000  +2             St1 St0 St0 St1 St0 0 1  0   1   1 1 0  0   1            0 
     200000  +3             St1 St0 St0 St0 St1 0 1  0   1   1 1 0  0   1            0 
     300000  +0             St1 St0 St0 St0 St1 1 0  1   0   0 0 1  1   0            0 
     300000  +2             St0 St0 St0 St0 St1 1 0  1   0   0 0 1  1   0            0 
     300000  +3             St0 St1 St1 St0 St1 1 0  1   0   0 0 1  1   0            0 
     300000  +4             St0 St1 St1 St1 St0 1 0  1   0   0 0 1  1   0            0 
     400000  +0             St0 St1 St1 St1 St0 0 0  1   0   1 0 0  0   0            0 
     400000  +2             St1 St0 St0 St0 St0 0 0  1   0   1 0 0  0   0            0 
     400000  +3             St1 St1 St1 St0 St0 0 0  1   0   1 0 0  0   0            0 
     400000  +4             St1 St1 St0 St0 St0 0 0  1   0   1 0 0  0   0            0 
     500000  +0             St1 St1 St0 St0 St0 1 1  1   1   0 1 1  1   1            0 
     500000  +2             St1 St1 St0 St0 St1 1 1  1   1   0 1 1  1   1            0 
     500000  +3             St1 St0 St0 St1 St1 1 1  1   1   0 1 1  1   1            0 
     500000  +4             St1 St0 St1 St1 St1 1 1  1   1   0 1 1  1   1            0 
     600000  +0             St1 St0 St1 St1 St1 0 1  1   1   0 0 1  1   0            0 
     600000  +2             St0 St0 St0 St0 St1 0 1  1   1   0 0 1  1   0            0 
     700000  +0             St0 St0 St0 St0 St1 1 0  1   0   1 1 0  0   1            0 
     800000  +0             St0 St0 St0 St0 St1 0 1  1   1   1 1 0  1   1            0 
     800000  +2             St0 St1 St0 St1 St1 0 1  1   1   1 1 0  1   1            0 
     900000  +0             St0 St1 St0 St1 St1 1 1  1   1   1 1 0  1   1            0 
     900000  +2             St1 St1 St0 St1 St1 1 1  1   1   1 1 0  1   1            0 
