         ps       /test/a   /test/F                      
          delta     /test/b       /test/TX_ERROR         
                      /test/c                            
                        /test/d                          
          0  +0         0 0 0 0 StX            0 
          0  +6         0 0 0 0 St1            0 
     100000  +0         1 1 0 0 St1            0 
     100000  +4         1 1 0 0 St0            0 
     200000  +0         1 0 1 0 St0            0 
     200000  +4         1 0 1 0 St1            0 
     300000  +0         0 0 1 1 St1            0 
     300000  +5         0 0 1 1 St0            0 
     500000  +0         1 1 0 1 St0            0 
     700000  +0         1 0 1 0 St0            0 
     700000  +4         1 0 1 0 St1            0 
     800000  +0         0 0 1 0 St1            0 
     800000  +5         0 0 1 0 St0            0 
    1000000  +0         1 0 1 0 St0            0 
    1000000  +5         1 0 1 0 St1            0 
    1100000  +0         0 1 1 0 St1            0 
    1100000  +4         0 1 1 0 St0            0 
    1200000  +0         1 1 1 1 St0            0 
    1300000  +0         1 1 1 0 St0            0 
    1400000  +0         1 0 0 0 St0            0 
    1400000  +4         1 0 0 0 St1            0 
    1500000  +0         0 1 1 1 St1            0 
    1500000  +4         0 1 1 1 St0            0 
    1500000  +6         0 1 1 1 St1            0 
    1500000  +7         0 1 1 1 St0            0 
    1600000  +0         0 0 0 0 St0            0 
    1600000  +6         0 0 0 0 St1            0 
    1700000  +0         1 1 0 1 St1            0 
    1700000  +4         1 1 0 1 St0            0 
    1800000  +0         1 0 1 1 St0            0 
    1800000  +4         1 0 1 1 St1            0 
    1900000  +0         1 0 0 0 St1            0 
