         ps       /test3/a  /test3/F                      
          delta     /test3/b      /test3/TX_ERROR         
                      /test3/c                            
                        /test3/d                          
                                                          
          0  +0          0 0 0 0 StX            0 
        100  +5          0 0 0 0 St1            0 
     200000  +0          0 0 0 1 St1            0 
     200000  +3          0 0 0 1 St0            0 
     300000  +0          0 0 1 0 St0            0 
     400000  +0          0 0 1 1 St0            0 
     500000  +0          0 1 0 0 St0            0 
     600000  +0          0 1 0 1 St0            0 
     600000  +3          0 1 0 1 St1            0 
     700000  +0          0 1 1 0 St1            0 
     700000  +6          0 1 1 0 St0            0 
     800000  +0          0 1 1 1 St0            0 
     900000  +0          1 0 0 0 St0            0 
    1000000  +0          1 0 0 1 St0            0 
    1100000  +0          1 0 1 0 St0            0 
    1100000  +5          1 0 1 0 St1            0 
    1200000  +0          1 0 1 1 St1            0 
    1200000  +3          1 0 1 1 St0            0 
    1300000  +0          1 1 0 0 St0            0 
    1400000  +0          1 1 0 1 St0            0 
    1500000  +0          1 1 1 0 St0            0 
    1600000  +0          1 1 1 1 St0            0 
    1600000  +3          1 1 1 1 St1            0 
    1700000  +0          0 0 0 0 St1            0 
