iMPACT Version: H.38
iMPACT log file started on 2006/11/01 15:59:31
// *** BATCH CMD : setPreference -pref UserLevel:NOVICE
// *** BATCH CMD : setPreference -pref MessageLevel:DETAILED
// *** BATCH CMD : setPreference -pref ConcurrentMode:FALSE
// *** BATCH CMD : setPreference -pref UseHighz:FALSE
// *** BATCH CMD : setPreference -pref ConfigOnFailure:STOP
// *** BATCH CMD : setPreference -pref StartupCLock:AUTO_CORRECTION
// *** BATCH CMD : setPreference -pref AutoSignature:FALSE
// *** BATCH CMD : setPreference -pref KeepSVF:FALSE
// *** BATCH CMD : setPreference -pref svfUseTime:FALSE
// *** BATCH CMD : setPreference -pref UserLevel:NOVICE
// *** BATCH CMD : setPreference -pref MessageLevel:DETAILED
// *** BATCH CMD : setPreference -pref ConcurrentMode:FALSE
// *** BATCH CMD : setPreference -pref UseHighz:FALSE
// *** BATCH CMD : setPreference -pref ConfigOnFailure:STOP
// *** BATCH CMD : setPreference -pref StartupCLock:AUTO_CORRECTION
// *** BATCH CMD : setPreference -pref AutoSignature:FALSE
// *** BATCH CMD : setPreference -pref KeepSVF:FALSE
// *** BATCH CMD : setPreference -pref svfUseTime:FALSE
// *** BATCH CMD : setMode -bs
Loading cdf file f:\2006-2007\eem211\lab04\lab04/lab04.ipf...
// *** BATCH CMD : setPreference -pref UserLevel:Novice
// *** BATCH CMD : setMode -pff
// *** BATCH CMD : setMode -mpm
// *** BATCH CMD : setMode -cf
// *** BATCH CMD : setMode -dtconfig
// *** BATCH CMD : setMode -bsfile
// *** BATCH CMD : setMode -sm
// *** BATCH CMD : setMode -ss
// *** BATCH CMD : setMode -bs
// *** BATCH CMD : addDevice -position 1 -file "F:\2006-2007\eem211\lab04\lab04\fourbitadder1.bit"
'1': Loading file 'F:\2006-2007\eem211\lab04\lab04\fourbitadder1.bit' ...
done.
INFO:iMPACT:1777 - 
Reading C:/Xilinx/spartan2/data/xc2s200.bsd...
Reading C:/Xilinx/spartan2/data/xc2s200.bsd...
INFO:iMPACT:501 - '1': Added Device xc2s200 successfully.
----------------------------------------------------------------------
----------------------------------------------------------------------
// *** BATCH CMD : 
// *** BATCH CMD : addDevice -position 2 -part "xcf02s"
INFO:iMPACT:1777 - 
Reading C:/Xilinx/xcf/data/xcf02s.bsd...
Reading C:/Xilinx/xcf/data/xcf02s.bsd...
INFO:iMPACT:501 - '2': Added Device xcf02s successfully.
----------------------------------------------------------------------
----------------------------------------------------------------------
// *** BATCH CMD : setCable -port lpt1
Connecting to cable (Parallel Port - LPT1).
Checking cable driver.
 Driver windrvr6.sys version = 6.2.2.2. LPT base address = 0378h.
 ECP base address = FFFFFFFFh.
Cable connection established.
// *** BATCH CMD : setMode -bs
Finish loading cdf file f:\2006-2007\eem211\lab04\lab04/lab04.ipf.
// *** BATCH CMD : setMode -bs
// *** BATCH CMD : setMode -ss
// *** BATCH CMD : setMode -sm
// *** BATCH CMD : setMode -bsfile
// *** BATCH CMD : setMode -dtconfig
// *** BATCH CMD : setMode -cf
GUI --- Read System ACE CF Mode...
// *** BATCH CMD : setMode -mpm
GUI --- Read System ACE MPM Mode...
// *** BATCH CMD : setMode -pff
GUI --- Read PROM Formatter Mode...
// *** BATCH CMD : setMode -bs
// *** BATCH CMD : setAttribute -position 1 -attr configFileName -value "F:\2006-2007\eem211\lab04\lab04\fourbitadder2.bit"
'1': Loading file 'F:\2006-2007\eem211\lab04\lab04\fourbitadder2.bit' ...
done.
INFO:iMPACT:501 - '1': Added Device xc2s200 successfully.
----------------------------------------------------------------------
----------------------------------------------------------------------
----------------------------------------------------------------------
----------------------------------------------------------------------
// *** BATCH CMD : Program -p 1 
PROGRESS_START - Starting Operation.
ERROR:iMPACT:583 - '1': The idcode read from the device does not match the idcode in the bsdl File.
INFO:iMPACT:1578 - '1':  Device IDCODE :        00001111111111111111111111111111
INFO:iMPACT:1579 - '1': Expected IDCODE:    00000000011000011100000010010011
PROGRESS_END - End Operation.
Elapsed time =      2 sec.
// *** BATCH CMD : setAttribute -position 1 -attr configFileName -value "F:\2006-2007\eem211\lab04\lab04\fourbitadder2.bit"
'1': Loading file 'F:\2006-2007\eem211\lab04\lab04\fourbitadder2.bit' ...
done.
INFO:iMPACT:501 - '1': Added Device xc2s200 successfully.
----------------------------------------------------------------------
----------------------------------------------------------------------
----------------------------------------------------------------------
----------------------------------------------------------------------
// *** BATCH CMD : setAttribute -position 1 -attr configFileName -value "F:\2006-2007\eem211\lab04\lab04\fourbitadder2.bit"
'1': Loading file 'F:\2006-2007\eem211\lab04\lab04\fourbitadder2.bit' ...
done.
INFO:iMPACT:501 - '1': Added Device xc2s200 successfully.
----------------------------------------------------------------------
----------------------------------------------------------------------
----------------------------------------------------------------------
----------------------------------------------------------------------
// *** BATCH CMD : Program -p 1 -v 
PROGRESS_START - Starting Operation.
ERROR:iMPACT:583 - '1': The idcode read from the device does not match the idcode in the bsdl File.
INFO:iMPACT:1578 - '1':  Device IDCODE :        00001111111111111111111111111111
INFO:iMPACT:1579 - '1': Expected IDCODE:    00000000011000011100000010010011
PROGRESS_END - End Operation.
Elapsed time =      2 sec.
// *** BATCH CMD : setMode -pff
// *** BATCH CMD : setMode -sm
// *** BATCH CMD : setMode -bs
// *** BATCH CMD : setMode -bs
Reader for device 2 is not created yet.
// *** BATCH CMD : setMode -ss
// *** BATCH CMD : setMode -sm
// *** BATCH CMD : setMode -bsfile
// *** BATCH CMD : setMode -dtconfig
// *** BATCH CMD : setMode -cf
// *** BATCH CMD : setMode -mpm
// *** BATCH CMD : setMode -pff
// *** BATCH CMD : setMode -bs
// *** BATCH CMD : setMode -bs
*****   Closing iMPACT program.   *****
----------------------------------------------------------------------
----------------------------------------------------------------------
